2024-04-12T08:08:03.339+05:30  INFO 15312 --- [StayEase] [main] c.h.S.b.services.BookingServiceTest      : Starting BookingServiceTest using Java 17.0.10 with PID 15312 (started by Acer in F:\java Example\Code-a-thon\StayEase)
2024-04-12T08:08:03.387+05:30  INFO 15312 --- [StayEase] [main] c.h.S.b.services.BookingServiceTest      : No active profile set, falling back to 1 default profile: "default"
2024-04-12T08:08:06.572+05:30  INFO 15312 --- [StayEase] [main] .s.d.r.c.RepositoryConfigurationDelegate : Bootstrapping Spring Data JPA repositories in DEFAULT mode.
2024-04-12T08:08:06.720+05:30  INFO 15312 --- [StayEase] [main] .s.d.r.c.RepositoryConfigurationDelegate : Finished Spring Data repository scanning in 132 ms. Found 3 JPA repository interfaces.
2024-04-12T08:08:11.589+05:30  INFO 15312 --- [StayEase] [main] o.hibernate.jpa.internal.util.LogHelper  : HHH000204: Processing PersistenceUnitInfo [name: default]
2024-04-12T08:08:11.846+05:30  INFO 15312 --- [StayEase] [main] org.hibernate.Version                    : HHH000412: Hibernate ORM core version 6.4.4.Final
2024-04-12T08:08:11.996+05:30  INFO 15312 --- [StayEase] [main] o.h.c.internal.RegionFactoryInitiator    : HHH000026: Second-level cache disabled
2024-04-12T08:08:12.411+05:30  INFO 15312 --- [StayEase] [main] o.s.o.j.p.SpringPersistenceUnitInfo      : No LoadTimeWeaver setup: ignoring JPA class transformer
2024-04-12T08:08:12.545+05:30  INFO 15312 --- [StayEase] [main] com.zaxxer.hikari.HikariDataSource       : HikariPool-1 - Starting...
2024-04-12T08:08:13.653+05:30  INFO 15312 --- [StayEase] [main] com.zaxxer.hikari.pool.HikariPool        : HikariPool-1 - Added connection com.mysql.cj.jdbc.ConnectionImpl@7ebaf0d
2024-04-12T08:08:13.662+05:30  INFO 15312 --- [StayEase] [main] com.zaxxer.hikari.HikariDataSource       : HikariPool-1 - Start completed.
2024-04-12T08:08:18.447+05:30  INFO 15312 --- [StayEase] [main] o.h.e.t.j.p.i.JtaPlatformInitiator       : HHH000489: No JTA platform available (set 'hibernate.transaction.jta.platform' to enable JTA platform integration)
2024-04-12T08:08:19.024+05:30  INFO 15312 --- [StayEase] [main] j.LocalContainerEntityManagerFactoryBean : Initialized JPA EntityManagerFactory for persistence unit 'default'
2024-04-12T08:08:25.035+05:30  WARN 15312 --- [StayEase] [main] JpaBaseConfiguration$JpaWebConfiguration : spring.jpa.open-in-view is enabled by default. Therefore, database queries may be performed during view rendering. Explicitly configure spring.jpa.open-in-view to disable this warning
2024-04-12T08:08:27.531+05:30  INFO 15312 --- [StayEase] [main] o.s.s.web.DefaultSecurityFilterChain     : Will secure any request with [org.springframework.security.web.session.DisableEncodeUrlFilter@2850fe85, org.springframework.security.web.context.request.async.WebAsyncManagerIntegrationFilter@6c7f3af6, org.springframework.security.web.context.SecurityContextHolderFilter@2b08f55a, org.springframework.security.web.header.HeaderWriterFilter@2a2cdba0, org.springframework.web.filter.CorsFilter@3285c141, org.springframework.security.web.authentication.logout.LogoutFilter@7649d350, com.harsh.StayEase.jwt_security.config.JwtAuthenticationFilter@3d339541, org.springframework.security.web.savedrequest.RequestCacheAwareFilter@4ff3af97, org.springframework.security.web.servletapi.SecurityContextHolderAwareRequestFilter@5680f009, org.springframework.security.web.authentication.AnonymousAuthenticationFilter@440d45c5, org.springframework.security.web.access.ExceptionTranslationFilter@63513c1c, org.springframework.security.web.access.intercept.AuthorizationFilter@297da2c3]
2024-04-12T08:08:29.647+05:30  INFO 15312 --- [StayEase] [main] c.h.S.b.services.BookingServiceTest      : Started BookingServiceTest in 27.356 seconds (process running for 30.6)
2024-04-12T08:08:29.999+05:30 ERROR 15312 --- [StayEase] [main] c.h.S.b.s.i.BookingServiceImplementation : Check-out date must be after check-in date
2024-04-12T08:08:30.124+05:30  INFO 15312 --- [StayEase] [SpringApplicationShutdownHook] j.LocalContainerEntityManagerFactoryBean : Closing JPA EntityManagerFactory for persistence unit 'default'
2024-04-12T08:08:30.133+05:30  INFO 15312 --- [StayEase] [SpringApplicationShutdownHook] com.zaxxer.hikari.HikariDataSource       : HikariPool-1 - Shutdown initiated...
2024-04-12T08:08:30.197+05:30  INFO 15312 --- [StayEase] [SpringApplicationShutdownHook] com.zaxxer.hikari.HikariDataSource       : HikariPool-1 - Shutdown completed.
2024-04-12T08:09:26.650+05:30  INFO 8072 --- [StayEase] [main] c.h.S.b.services.BookingServiceTest      : Starting BookingServiceTest using Java 17.0.10 with PID 8072 (started by Acer in F:\java Example\Code-a-thon\StayEase)
2024-04-12T08:09:26.657+05:30  INFO 8072 --- [StayEase] [main] c.h.S.b.services.BookingServiceTest      : No active profile set, falling back to 1 default profile: "default"
2024-04-12T08:09:29.420+05:30  INFO 8072 --- [StayEase] [main] .s.d.r.c.RepositoryConfigurationDelegate : Bootstrapping Spring Data JPA repositories in DEFAULT mode.
2024-04-12T08:09:29.638+05:30  INFO 8072 --- [StayEase] [main] .s.d.r.c.RepositoryConfigurationDelegate : Finished Spring Data repository scanning in 198 ms. Found 3 JPA repository interfaces.
2024-04-12T08:09:36.286+05:30  INFO 8072 --- [StayEase] [main] o.hibernate.jpa.internal.util.LogHelper  : HHH000204: Processing PersistenceUnitInfo [name: default]
2024-04-12T08:09:36.779+05:30  INFO 8072 --- [StayEase] [main] org.hibernate.Version                    : HHH000412: Hibernate ORM core version 6.4.4.Final
2024-04-12T08:09:37.164+05:30  INFO 8072 --- [StayEase] [main] o.h.c.internal.RegionFactoryInitiator    : HHH000026: Second-level cache disabled
2024-04-12T08:09:37.917+05:30  INFO 8072 --- [StayEase] [main] o.s.o.j.p.SpringPersistenceUnitInfo      : No LoadTimeWeaver setup: ignoring JPA class transformer
2024-04-12T08:09:38.103+05:30  INFO 8072 --- [StayEase] [main] com.zaxxer.hikari.HikariDataSource       : HikariPool-1 - Starting...
2024-04-12T08:09:40.730+05:30  INFO 8072 --- [StayEase] [main] com.zaxxer.hikari.pool.HikariPool        : HikariPool-1 - Added connection com.mysql.cj.jdbc.ConnectionImpl@10724a72
2024-04-12T08:09:40.736+05:30  INFO 8072 --- [StayEase] [main] com.zaxxer.hikari.HikariDataSource       : HikariPool-1 - Start completed.
2024-04-12T08:09:45.555+05:30  INFO 8072 --- [StayEase] [main] o.h.e.t.j.p.i.JtaPlatformInitiator       : HHH000489: No JTA platform available (set 'hibernate.transaction.jta.platform' to enable JTA platform integration)
2024-04-12T08:09:45.933+05:30  INFO 8072 --- [StayEase] [main] j.LocalContainerEntityManagerFactoryBean : Initialized JPA EntityManagerFactory for persistence unit 'default'
2024-04-12T08:09:53.466+05:30  WARN 8072 --- [StayEase] [main] JpaBaseConfiguration$JpaWebConfiguration : spring.jpa.open-in-view is enabled by default. Therefore, database queries may be performed during view rendering. Explicitly configure spring.jpa.open-in-view to disable this warning
2024-04-12T08:09:58.647+05:30  INFO 8072 --- [StayEase] [main] o.s.s.web.DefaultSecurityFilterChain     : Will secure any request with [org.springframework.security.web.session.DisableEncodeUrlFilter@13515709, org.springframework.security.web.context.request.async.WebAsyncManagerIntegrationFilter@1b3a1e42, org.springframework.security.web.context.SecurityContextHolderFilter@45c270f9, org.springframework.security.web.header.HeaderWriterFilter@2e8417ea, org.springframework.web.filter.CorsFilter@41030c21, org.springframework.security.web.authentication.logout.LogoutFilter@7baf7a9d, com.harsh.StayEase.jwt_security.config.JwtAuthenticationFilter@173c0722, org.springframework.security.web.savedrequest.RequestCacheAwareFilter@39d6504b, org.springframework.security.web.servletapi.SecurityContextHolderAwareRequestFilter@4dbeae45, org.springframework.security.web.authentication.AnonymousAuthenticationFilter@3c5797c6, org.springframework.security.web.access.ExceptionTranslationFilter@2975715, org.springframework.security.web.access.intercept.AuthorizationFilter@37e7e089]
2024-04-12T08:10:01.883+05:30  INFO 8072 --- [StayEase] [main] c.h.S.b.services.BookingServiceTest      : Started BookingServiceTest in 36.229 seconds (process running for 38.877)
2024-04-12T08:10:02.421+05:30  INFO 8072 --- [StayEase] [SpringApplicationShutdownHook] j.LocalContainerEntityManagerFactoryBean : Closing JPA EntityManagerFactory for persistence unit 'default'
2024-04-12T08:10:02.429+05:30  INFO 8072 --- [StayEase] [SpringApplicationShutdownHook] com.zaxxer.hikari.HikariDataSource       : HikariPool-1 - Shutdown initiated...
2024-04-12T08:10:02.507+05:30  INFO 8072 --- [StayEase] [SpringApplicationShutdownHook] com.zaxxer.hikari.HikariDataSource       : HikariPool-1 - Shutdown completed.
